{"level":30,"time":1743027663598,"pid":24813,"hostname":"MacBook-Pro.local","req":{"id":3,"method":"POST","url":"/tasks","query":{},"params":{"0":"tasks"},"headers":{"content-type":"application/json","user-agent":"PostmanRuntime/7.43.2","accept":"*/*","cache-control":"no-cache","postman-token":"eb50df6d-ec53-4596-9332-675198944481","host":"localhost:3000","accept-encoding":"gzip, deflate, br","connection":"keep-alive","content-length":"77"},"remoteAddress":"::1","remotePort":58342},"event":"email_sent","from":"no-reply@gmail.com","to":"user1@mail.com","subject":"Новая задача","message":"Вы назначены ответственным за задачу: \"Task 1\"","msg":"Email successfully sent"}
{"level":30,"time":1743027663599,"pid":24813,"hostname":"MacBook-Pro.local","req":{"id":3,"method":"POST","url":"/tasks","query":{},"params":{"0":"tasks"},"headers":{"content-type":"application/json","user-agent":"PostmanRuntime/7.43.2","accept":"*/*","cache-control":"no-cache","postman-token":"eb50df6d-ec53-4596-9332-675198944481","host":"localhost:3000","accept-encoding":"gzip, deflate, br","connection":"keep-alive","content-length":"77"},"remoteAddress":"::1","remotePort":58342},"res":{"statusCode":201,"headers":{"x-powered-by":"Express","content-type":"application/json; charset=utf-8","content-length":"92","etag":"W/\"5c-DaK/6c+oL28vJjG/pA3wiqwdeBg\""}},"responseTime":3,"msg":"request completed"}
{"level":30,"time":1743027743956,"pid":24851,"hostname":"MacBook-Pro.local","context":"NestFactory","msg":"Starting Nest application..."}
{"level":30,"time":1743027743957,"pid":24851,"hostname":"MacBook-Pro.local","context":"InstanceLoader","msg":"AppModule dependencies initialized"}
{"level":30,"time":1743027743957,"pid":24851,"hostname":"MacBook-Pro.local","context":"InstanceLoader","msg":"UsersModule dependencies initialized"}
{"level":30,"time":1743027743957,"pid":24851,"hostname":"MacBook-Pro.local","context":"InstanceLoader","msg":"LoggerModule dependencies initialized"}
{"level":30,"time":1743027743957,"pid":24851,"hostname":"MacBook-Pro.local","context":"InstanceLoader","msg":"NotificationsModule dependencies initialized"}
{"level":30,"time":1743027743957,"pid":24851,"hostname":"MacBook-Pro.local","context":"InstanceLoader","msg":"TasksModule dependencies initialized"}
{"level":30,"time":1743027743957,"pid":24851,"hostname":"MacBook-Pro.local","context":"RoutesResolver","msg":"TasksController {/tasks}:"}
{"level":30,"time":1743027743957,"pid":24851,"hostname":"MacBook-Pro.local","context":"RouterExplorer","msg":"Mapped {/tasks, POST} route"}
{"level":30,"time":1743027743957,"pid":24851,"hostname":"MacBook-Pro.local","context":"RouterExplorer","msg":"Mapped {/tasks/:id, PATCH} route"}
{"level":30,"time":1743027743957,"pid":24851,"hostname":"MacBook-Pro.local","context":"NestApplication","msg":"Nest application successfully started"}
{"level":30,"time":1743027747917,"pid":24851,"hostname":"MacBook-Pro.local","req":{"id":1,"method":"POST","url":"/tasks","query":{},"params":{"0":"tasks"},"headers":{"content-type":"application/json","user-agent":"PostmanRuntime/7.43.2","accept":"*/*","cache-control":"no-cache","postman-token":"bc9fa294-a8fd-4afe-a690-1ee0ec0ee693","host":"localhost:3000","accept-encoding":"gzip, deflate, br","connection":"keep-alive","content-length":"77"},"remoteAddress":"::1","remotePort":58361},"event":"email_sent","from":"no-reply@gmail.com","to":"user1@mail.com","subject":"Новая задача","message":"Вы назначены ответственным за задачу: \"Task 1\"","msg":"Email successfully sent"}
{"level":30,"time":1743027747920,"pid":24851,"hostname":"MacBook-Pro.local","req":{"id":1,"method":"POST","url":"/tasks","query":{},"params":{"0":"tasks"},"headers":{"content-type":"application/json","user-agent":"PostmanRuntime/7.43.2","accept":"*/*","cache-control":"no-cache","postman-token":"bc9fa294-a8fd-4afe-a690-1ee0ec0ee693","host":"localhost:3000","accept-encoding":"gzip, deflate, br","connection":"keep-alive","content-length":"77"},"remoteAddress":"::1","remotePort":58361},"res":{"statusCode":201,"headers":{"x-powered-by":"Express","content-type":"application/json; charset=utf-8","content-length":"92","etag":"W/\"5c-9kcY3napubzmbRRjzA6EmBjw7kE\""}},"responseTime":6,"msg":"request completed"}
{"level":30,"time":1743027750174,"pid":24851,"hostname":"MacBook-Pro.local","req":{"id":2,"method":"PATCH","url":"/tasks/1","query":{},"params":{"0":"tasks/1"},"headers":{"content-type":"application/json","user-agent":"PostmanRuntime/7.43.2","accept":"*/*","cache-control":"no-cache","postman-token":"db7cbfb2-ff99-43db-bbef-b0524e6a5df9","host":"localhost:3000","accept-encoding":"gzip, deflate, br","connection":"keep-alive","content-length":"29"},"remoteAddress":"::1","remotePort":58361},"event":"sms sent","from":"CYTA","to":"+123456789","message":"Статус задачи \"Task 1\" обновлён на \"in_progress\"","msg":"SMS successfully sent"}
{"level":30,"time":1743027750175,"pid":24851,"hostname":"MacBook-Pro.local","req":{"id":2,"method":"PATCH","url":"/tasks/1","query":{},"params":{"0":"tasks/1"},"headers":{"content-type":"application/json","user-agent":"PostmanRuntime/7.43.2","accept":"*/*","cache-control":"no-cache","postman-token":"db7cbfb2-ff99-43db-bbef-b0524e6a5df9","host":"localhost:3000","accept-encoding":"gzip, deflate, br","connection":"keep-alive","content-length":"29"},"remoteAddress":"::1","remotePort":58361},"res":{"statusCode":200,"headers":{"x-powered-by":"Express","content-type":"application/json; charset=utf-8","content-length":"96","etag":"W/\"60-OrF5DC8NtvGyKozpVcCx+h47wrM\""}},"responseTime":3,"msg":"request completed"}
{"level":30,"time":1743027783951,"pid":24884,"hostname":"MacBook-Pro.local","context":"NestFactory","msg":"Starting Nest application..."}
{"level":30,"time":1743027783952,"pid":24884,"hostname":"MacBook-Pro.local","context":"InstanceLoader","msg":"AppModule dependencies initialized"}
{"level":30,"time":1743027783952,"pid":24884,"hostname":"MacBook-Pro.local","context":"InstanceLoader","msg":"UsersModule dependencies initialized"}
{"level":30,"time":1743027783952,"pid":24884,"hostname":"MacBook-Pro.local","context":"InstanceLoader","msg":"LoggerModule dependencies initialized"}
{"level":30,"time":1743027783952,"pid":24884,"hostname":"MacBook-Pro.local","context":"InstanceLoader","msg":"NotificationsModule dependencies initialized"}
{"level":30,"time":1743027783952,"pid":24884,"hostname":"MacBook-Pro.local","context":"InstanceLoader","msg":"TasksModule dependencies initialized"}
{"level":30,"time":1743027783952,"pid":24884,"hostname":"MacBook-Pro.local","context":"RoutesResolver","msg":"TasksController {/tasks}:"}
{"level":30,"time":1743027783952,"pid":24884,"hostname":"MacBook-Pro.local","context":"RouterExplorer","msg":"Mapped {/tasks, POST} route"}
{"level":30,"time":1743027783952,"pid":24884,"hostname":"MacBook-Pro.local","context":"RouterExplorer","msg":"Mapped {/tasks/:id, PATCH} route"}
{"level":30,"time":1743027783952,"pid":24884,"hostname":"MacBook-Pro.local","context":"NestApplication","msg":"Nest application successfully started"}
